[debug] [2024-03-17T20:42:21.461Z] ----------------------------------------------------------------------
[debug] [2024-03-17T20:42:21.463Z] Command:       C:\Program Files\nodejs\node.exe C:\Users\PhusitRubun\AppData\Roaming\npm\node_modules\firebase-tools\lib\bin\firebase.js init
[debug] [2024-03-17T20:42:21.463Z] CLI Version:   13.5.1
[debug] [2024-03-17T20:42:21.464Z] Platform:      win32
[debug] [2024-03-17T20:42:21.464Z] Node Version:  v20.8.0
[debug] [2024-03-17T20:42:21.464Z] Time:          Mon Mar 18 2024 03:42:21 GMT+0700 (Indochina Time)
[debug] [2024-03-17T20:42:21.464Z] ----------------------------------------------------------------------
[debug] 
[debug] [2024-03-17T20:42:21.531Z] > command requires scopes: ["email","openid","https://www.googleapis.com/auth/cloudplatformprojects.readonly","https://www.googleapis.com/auth/firebase","https://www.googleapis.com/auth/cloud-platform"]
[debug] [2024-03-17T20:42:21.532Z] > authorizing via signed-in user (65011212027@msu.ac.th)
[info] 
     ######## #### ########  ######## ########     ###     ######  ########
     ##        ##  ##     ## ##       ##     ##  ##   ##  ##       ##
     ######    ##  ########  ######   ########  #########  ######  ######
     ##        ##  ##    ##  ##       ##     ## ##     ##       ## ##
     ##       #### ##     ## ######## ########  ##     ##  ######  ########

You're about to initialize a Firebase project in this directory:

  D:\Pupmash-git

Before we get started, keep in mind:

  * You are initializing within an existing Firebase project directory

[info] 
=== Project Setup
[info] 
[info] First, let's associate this project directory with a Firebase project.
[info] You can create multiple project aliases by running firebase use --add, 
[info] but for now we'll just set up a default project.
[info] 
[debug] [2024-03-17T20:42:29.408Z] Using project from CLI flag: puppymash-7bf34
[debug] [2024-03-17T20:42:29.410Z] >>> [apiv2][query] GET https://firebase.googleapis.com/v1beta1/projects/puppymash-7bf34 [none]
[debug] [2024-03-17T20:42:30.053Z] <<< [apiv2][status] GET https://firebase.googleapis.com/v1beta1/projects/puppymash-7bf34 200
[debug] [2024-03-17T20:42:30.053Z] <<< [apiv2][body] GET https://firebase.googleapis.com/v1beta1/projects/puppymash-7bf34 {"projectId":"puppymash-7bf34","projectNumber":"359241118737","displayName":"Puppymash","name":"projects/puppymash-7bf34","resources":{"hostingSite":"puppymash-7bf34","storageBucket":"puppymash-7bf34.appspot.com","locationId":"us-central"},"state":"ACTIVE","etag":"1_ddf65e18-f8fe-4fb3-a278-0cd26a3b3ea5"}
[info] i  Using project puppymash-7bf34 (Puppymash) 
[info] 
=== Hosting Setup
[debug] [2024-03-17T20:42:30.064Z] >>> [apiv2][query] GET https://firebase.googleapis.com/v1beta1/projects/puppymash-7bf34 [none]
[debug] [2024-03-17T20:42:30.548Z] <<< [apiv2][status] GET https://firebase.googleapis.com/v1beta1/projects/puppymash-7bf34 200
[debug] [2024-03-17T20:42:30.549Z] <<< [apiv2][body] GET https://firebase.googleapis.com/v1beta1/projects/puppymash-7bf34 {"projectId":"puppymash-7bf34","projectNumber":"359241118737","displayName":"Puppymash","name":"projects/puppymash-7bf34","resources":{"hostingSite":"puppymash-7bf34","storageBucket":"puppymash-7bf34.appspot.com","locationId":"us-central"},"state":"ACTIVE","etag":"1_ddf65e18-f8fe-4fb3-a278-0cd26a3b3ea5"}
[info] 
[info] Your public directory is the folder (relative to your project directory) that
[info] will contain Hosting assets to be uploaded with firebase deploy. If you
[info] have a build process for your assets, use your build's output directory.
[info] 
